0 info it worked if it ends with ok
1 verbose cli [ '/usr/local/Cellar/node/6.3.1/bin/node',
1 verbose cli   '/usr/local/bin/npm',
1 verbose cli   'run',
1 verbose cli   'serve' ]
2 info using npm@3.10.6
3 info using node@v6.3.1
4 verbose run-script [ 'preserve', 'serve', 'postserve' ]
5 info lifecycle m5@0.0.0~preserve: m5@0.0.0
6 silly lifecycle m5@0.0.0~preserve: no script for preserve, continuing
7 info lifecycle m5@0.0.0~serve: m5@0.0.0
8 verbose lifecycle m5@0.0.0~serve: unsafe-perm in lifecycle true
9 verbose lifecycle m5@0.0.0~serve: PATH: /usr/local/lib/node_modules/npm/bin/node-gyp-bin:/Users/jP/Sites/m5/node_modules/.bin:/usr/local/Cellar/node/6.3.1/bin:/Users/jP/.rvm/gems/ruby-2.3.0/bin:/Users/jP/.rvm/gems/ruby-2.3.0@global/bin:/Users/jP/.rvm/rubies/ruby-2.3.0/bin:/Users/jP/.node/bin:/Users/jP/Sites/modx/Gitify:/Users/jP/.rvm/bin:/usr/local/bin:/usr/bin:/bin:/usr/sbin:/sbin:/usr/local/share/npm/bin:/Users/jP/bin:/usr/local/bin:/usr/local/mysql/bin:/usr/local/bin:/usr/bin:/bin:/usr/sbin:/sbin:/usr/local/share/npm/bin:/opt/X11/bin
10 verbose lifecycle m5@0.0.0~serve: CWD: /Users/jP/Sites/m5
11 silly lifecycle m5@0.0.0~serve: Args: [ '-c',
11 silly lifecycle   'nodemon --watch ./ --watch ./views -e js,twig server.js' ]
12 silly lifecycle m5@0.0.0~serve: Returned: code: 1  signal: null
13 info lifecycle m5@0.0.0~serve: Failed to exec serve script
14 verbose stack Error: m5@0.0.0 serve: `nodemon --watch ./ --watch ./views -e js,twig server.js`
14 verbose stack Exit status 1
14 verbose stack     at EventEmitter.<anonymous> (/usr/local/lib/node_modules/npm/lib/utils/lifecycle.js:255:16)
14 verbose stack     at emitTwo (events.js:106:13)
14 verbose stack     at EventEmitter.emit (events.js:191:7)
14 verbose stack     at ChildProcess.<anonymous> (/usr/local/lib/node_modules/npm/lib/utils/spawn.js:40:14)
14 verbose stack     at emitTwo (events.js:106:13)
14 verbose stack     at ChildProcess.emit (events.js:191:7)
14 verbose stack     at maybeClose (internal/child_process.js:852:16)
14 verbose stack     at Process.ChildProcess._handle.onexit (internal/child_process.js:215:5)
15 verbose pkgid m5@0.0.0
16 verbose cwd /Users/jP/Sites/m5
17 error Darwin 16.1.0
18 error argv "/usr/local/Cellar/node/6.3.1/bin/node" "/usr/local/bin/npm" "run" "serve"
19 error node v6.3.1
20 error npm  v3.10.6
21 error code ELIFECYCLE
22 error m5@0.0.0 serve: `nodemon --watch ./ --watch ./views -e js,twig server.js`
22 error Exit status 1
23 error Failed at the m5@0.0.0 serve script 'nodemon --watch ./ --watch ./views -e js,twig server.js'.
23 error Make sure you have the latest version of node.js and npm installed.
23 error If you do, this is most likely a problem with the m5 package,
23 error not with npm itself.
23 error Tell the author that this fails on your system:
23 error     nodemon --watch ./ --watch ./views -e js,twig server.js
23 error You can get information on how to open an issue for this project with:
23 error     npm bugs m5
23 error Or if that isn't available, you can get their info via:
23 error     npm owner ls m5
23 error There is likely additional logging output above.
24 verbose exit [ 1, true ]
